<?xml version="1.0" encoding="UTF-8"?>
<testsuite xmlns:xsi="http://www.w3.org/2001/XMLSchema-instance" xsi:noNamespaceSchemaLocation="https://maven.apache.org/surefire/maven-surefire-plugin/xsd/surefire-test-report-3.0.xsd" version="3.0" name="com.katas.FizzBuzzTest" time="0.041" tests="5" errors="0" skipped="0" failures="0">
  <properties>
[...]
</properties>
  <testcase name="shouldReturnFizzBuzzWhenDivisibleByBothThreeAndFive" classname="com.katas.FizzBuzzTest" time="0.026"/>
  <testcase name="shouldReturnFizzWhenDivisibleByThree" classname="com.katas.FizzBuzzTest" time="0.0"/>
  <testcase name="shouldReturnNumberAsStringWhenNotDivisibleByThreeOrFive" classname="com.katas.FizzBuzzTest" time="0.0"/>
  <testcase name="shouldGenerateCorrectSequence" classname="com.katas.FizzBuzzTest" time="0.003"/>
  <testcase name="shouldReturnBuzzWhenDivisibleByFive" classname="com.katas.FizzBuzzTest" time="0.0"/>
</testsuite>